{"/Users/marc.mintel/Projects/Private/nextjs-mintel.me/src/components/blocks/gallery.tsx": {"path":"/Users/marc.mintel/Projects/Private/nextjs-mintel.me/src/components/blocks/gallery.tsx","statementMap":{"0":{"start":{"line":7,"column":16},"end":{"line":9,"column":1}},"1":{"start":{"line":8,"column":2},"end":{"line":8,"column":36}}},"fnMap":{"0":{"name":"(anonymous_0)","decl":{"start":{"line":7,"column":16},"end":{"line":7,"column":17}},"loc":{"start":{"line":7,"column":45},"end":{"line":9,"column":1}},"line":7}},"branchMap":{},"s":{"0":0,"1":0},"f":{"0":0},"b":{}}
,"/Users/marc.mintel/Projects/Private/nextjs-mintel.me/src/components/blocks/index.tsx": {"path":"/Users/marc.mintel/Projects/Private/nextjs-mintel.me/src/components/blocks/index.tsx","statementMap":{"0":{"start":{"line":15,"column":16},"end":{"line":27,"column":1}},"1":{"start":{"line":18,"column":21},"end":{"line":18,"column":44}},"2":{"start":{"line":19,"column":17},"end":{"line":19,"column":56}},"3":{"start":{"line":20,"column":31},"end":{"line":23,"column":7}},"4":{"start":{"line":24,"column":6},"end":{"line":24,"column":25}},"5":{"start":{"line":29,"column":15},"end":{"line":31,"column":1}},"6":{"start":{"line":30,"column":2},"end":{"line":30,"column":59}}},"fnMap":{"0":{"name":"(anonymous_0)","decl":{"start":{"line":17,"column":29},"end":{"line":17,"column":30}},"loc":{"start":{"line":17,"column":55},"end":{"line":25,"column":5}},"line":17},"1":{"name":"(anonymous_1)","decl":{"start":{"line":29,"column":15},"end":{"line":29,"column":16}},"loc":{"start":{"line":29,"column":44},"end":{"line":31,"column":1}},"line":29}},"branchMap":{},"s":{"0":0,"1":0,"2":0,"3":0,"4":0,"5":0,"6":0},"f":{"0":0,"1":0},"b":{}}
,"/Users/marc.mintel/Projects/Private/nextjs-mintel.me/src/components/blocks/stage.tsx": {"path":"/Users/marc.mintel/Projects/Private/nextjs-mintel.me/src/components/blocks/stage.tsx","statementMap":{"0":{"start":{"line":7,"column":14},"end":{"line":9,"column":1}},"1":{"start":{"line":8,"column":2},"end":{"line":8,"column":34}}},"fnMap":{"0":{"name":"(anonymous_0)","decl":{"start":{"line":7,"column":14},"end":{"line":7,"column":15}},"loc":{"start":{"line":7,"column":41},"end":{"line":9,"column":1}},"line":7}},"branchMap":{},"s":{"0":0,"1":0},"f":{"0":0},"b":{}}
,"/Users/marc.mintel/Projects/Private/nextjs-mintel.me/src/components/elements/internal-link.tsx": {"path":"/Users/marc.mintel/Projects/Private/nextjs-mintel.me/src/components/elements/internal-link.tsx","statementMap":{"0":{"start":{"line":9,"column":21},"end":{"line":27,"column":1}},"1":{"start":{"line":10,"column":12},"end":{"line":10,"column":16}},"2":{"start":{"line":13,"column":2},"end":{"line":15,"column":3}},"3":{"start":{"line":14,"column":4},"end":{"line":14,"column":20}},"4":{"start":{"line":18,"column":2},"end":{"line":20,"column":3}},"5":{"start":{"line":19,"column":4},"end":{"line":19,"column":14}},"6":{"start":{"line":22,"column":2},"end":{"line":26,"column":4}}},"fnMap":{"0":{"name":"(anonymous_0)","decl":{"start":{"line":9,"column":21},"end":{"line":9,"column":22}},"loc":{"start":{"line":9,"column":64},"end":{"line":27,"column":1}},"line":9}},"branchMap":{"0":{"loc":{"start":{"line":13,"column":2},"end":{"line":15,"column":3}},"type":"if","locations":[{"start":{"line":13,"column":2},"end":{"line":15,"column":3}},{"start":{"line":13,"column":2},"end":{"line":15,"column":3}}],"line":13},"1":{"loc":{"start":{"line":18,"column":2},"end":{"line":20,"column":3}},"type":"if","locations":[{"start":{"line":18,"column":2},"end":{"line":20,"column":3}},{"start":{"line":18,"column":2},"end":{"line":20,"column":3}}],"line":18}},"s":{"0":0,"1":0,"2":0,"3":0,"4":0,"5":0,"6":0},"f":{"0":0},"b":{"0":[0,0],"1":[0,0]}}
,"/Users/marc.mintel/Projects/Private/nextjs-mintel.me/src/components/layout/main-navigation.tsx": {"path":"/Users/marc.mintel/Projects/Private/nextjs-mintel.me/src/components/layout/main-navigation.tsx","statementMap":{"0":{"start":{"line":9,"column":23},"end":{"line":22,"column":1}},"1":{"start":{"line":10,"column":2},"end":{"line":21,"column":8}},"2":{"start":{"line":14,"column":8},"end":{"line":18,"column":13}}},"fnMap":{"0":{"name":"(anonymous_0)","decl":{"start":{"line":9,"column":23},"end":{"line":9,"column":24}},"loc":{"start":{"line":10,"column":2},"end":{"line":21,"column":8}},"line":10},"1":{"name":"(anonymous_1)","decl":{"start":{"line":13,"column":28},"end":{"line":13,"column":29}},"loc":{"start":{"line":14,"column":8},"end":{"line":18,"column":13}},"line":14}},"branchMap":{"0":{"loc":{"start":{"line":16,"column":31},"end":{"line":16,"column":76}},"type":"binary-expr","locations":[{"start":{"line":16,"column":31},"end":{"line":16,"column":49}},{"start":{"line":16,"column":53},"end":{"line":16,"column":76}}],"line":16}},"s":{"0":0,"1":0,"2":0},"f":{"0":0,"1":0},"b":{"0":[0,0]}}
,"/Users/marc.mintel/Projects/Private/nextjs-mintel.me/src/components/templates/page.tsx": {"path":"/Users/marc.mintel/Projects/Private/nextjs-mintel.me/src/components/templates/page.tsx","statementMap":{"0":{"start":{"line":12,"column":50},"end":{"line":25,"column":1}},"1":{"start":{"line":13,"column":2},"end":{"line":24,"column":8}}},"fnMap":{"0":{"name":"(anonymous_0)","decl":{"start":{"line":12,"column":50},"end":{"line":12,"column":51}},"loc":{"start":{"line":13,"column":2},"end":{"line":24,"column":8}},"line":13}},"branchMap":{},"s":{"0":0,"1":0},"f":{"0":0},"b":{}}
,"/Users/marc.mintel/Projects/Private/nextjs-mintel.me/src/lib/greeter.ts": {"path":"/Users/marc.mintel/Projects/Private/nextjs-mintel.me/src/lib/greeter.ts","statementMap":{"0":{"start":{"line":9,"column":4},"end":{"line":20,"column":6}}},"fnMap":{"0":{"name":"(anonymous_0)","decl":{"start":{"line":6,"column":2},"end":{"line":6,"column":3}},"loc":{"start":{"line":6,"column":63},"end":{"line":6,"column":65}},"line":6},"1":{"name":"(anonymous_1)","decl":{"start":{"line":8,"column":2},"end":{"line":8,"column":3}},"loc":{"start":{"line":8,"column":10},"end":{"line":21,"column":3}},"line":8}},"branchMap":{},"s":{"0":0},"f":{"0":0,"1":0},"b":{}}
,"/Users/marc.mintel/Projects/Private/nextjs-mintel.me/src/lib/api/api.ts": {"path":"/Users/marc.mintel/Projects/Private/nextjs-mintel.me/src/lib/api/api.ts","statementMap":{},"fnMap":{},"branchMap":{},"s":{},"f":{},"b":{},"_coverageSchema":"1a1c01bbd47fc00a2c39e90264f33305004495a9","hash":"817fd9f1498e69aa7b57121d491c443e0cdcabfa"}
,"/Users/marc.mintel/Projects/Private/nextjs-mintel.me/src/lib/api/contentful.ts": {"path":"/Users/marc.mintel/Projects/Private/nextjs-mintel.me/src/lib/api/contentful.ts","statementMap":{"0":{"start":{"line":28,"column":9},"end":{"line":28,"column":30}},"1":{"start":{"line":32,"column":27},"end":{"line":32,"column":62}},"2":{"start":{"line":36,"column":4},"end":{"line":40,"column":7}},"3":{"start":{"line":44,"column":20},"end":{"line":44,"column":67}},"4":{"start":{"line":45,"column":26},"end":{"line":45,"column":63}},"5":{"start":{"line":46,"column":4},"end":{"line":46,"column":25}},"6":{"start":{"line":50,"column":17},"end":{"line":50,"column":62}},"7":{"start":{"line":52,"column":4},"end":{"line":56,"column":5}},"8":{"start":{"line":53,"column":6},"end":{"line":55,"column":8}},"9":{"start":{"line":58,"column":4},"end":{"line":58,"column":39}},"10":{"start":{"line":62,"column":19},"end":{"line":62,"column":52}},"11":{"start":{"line":63,"column":22},"end":{"line":68,"column":5}},"12":{"start":{"line":69,"column":4},"end":{"line":69,"column":70}},"13":{"start":{"line":70,"column":4},"end":{"line":70,"column":21}},"14":{"start":{"line":74,"column":28},"end":{"line":74,"column":33}},"15":{"start":{"line":75,"column":49},"end":{"line":75,"column":52}},"16":{"start":{"line":77,"column":4},"end":{"line":85,"column":6}},"17":{"start":{"line":89,"column":33},"end":{"line":89,"column":46}},"18":{"start":{"line":91,"column":4},"end":{"line":101,"column":5}},"19":{"start":{"line":92,"column":6},"end":{"line":95,"column":7}},"20":{"start":{"line":93,"column":8},"end":{"line":93,"column":70}},"21":{"start":{"line":94,"column":8},"end":{"line":94,"column":72}},"22":{"start":{"line":94,"column":46},"end":{"line":94,"column":70}},"23":{"start":{"line":97,"column":6},"end":{"line":100,"column":7}},"24":{"start":{"line":98,"column":8},"end":{"line":98,"column":67}},"25":{"start":{"line":99,"column":8},"end":{"line":99,"column":54}},"26":{"start":{"line":103,"column":4},"end":{"line":103,"column":29}},"27":{"start":{"line":109,"column":4},"end":{"line":109,"column":60}},"28":{"start":{"line":110,"column":20},"end":{"line":110,"column":55}},"29":{"start":{"line":111,"column":4},"end":{"line":111,"column":51}},"30":{"start":{"line":112,"column":4},"end":{"line":112,"column":19}},"31":{"start":{"line":118,"column":20},"end":{"line":121,"column":6}},"32":{"start":{"line":122,"column":4},"end":{"line":122,"column":28}}},"fnMap":{"0":{"name":"(anonymous_0)","decl":{"start":{"line":35,"column":2},"end":{"line":35,"column":3}},"loc":{"start":{"line":35,"column":32},"end":{"line":41,"column":3}},"line":35},"1":{"name":"(anonymous_1)","decl":{"start":{"line":43,"column":2},"end":{"line":43,"column":3}},"loc":{"start":{"line":43,"column":62},"end":{"line":47,"column":3}},"line":43},"2":{"name":"(anonymous_2)","decl":{"start":{"line":49,"column":2},"end":{"line":49,"column":3}},"loc":{"start":{"line":49,"column":59},"end":{"line":59,"column":3}},"line":49},"3":{"name":"(anonymous_3)","decl":{"start":{"line":61,"column":2},"end":{"line":61,"column":3}},"loc":{"start":{"line":61,"column":54},"end":{"line":71,"column":3}},"line":61},"4":{"name":"(anonymous_4)","decl":{"start":{"line":73,"column":2},"end":{"line":73,"column":3}},"loc":{"start":{"line":73,"column":65},"end":{"line":86,"column":3}},"line":73},"5":{"name":"(anonymous_5)","decl":{"start":{"line":88,"column":2},"end":{"line":88,"column":3}},"loc":{"start":{"line":88,"column":44},"end":{"line":104,"column":3}},"line":88},"6":{"name":"(anonymous_6)","decl":{"start":{"line":94,"column":38},"end":{"line":94,"column":39}},"loc":{"start":{"line":94,"column":46},"end":{"line":94,"column":70}},"line":94},"7":{"name":"(anonymous_7)","decl":{"start":{"line":106,"column":2},"end":{"line":106,"column":3}},"loc":{"start":{"line":108,"column":45},"end":{"line":113,"column":3}},"line":108},"8":{"name":"(anonymous_8)","decl":{"start":{"line":115,"column":2},"end":{"line":115,"column":3}},"loc":{"start":{"line":117,"column":35},"end":{"line":123,"column":3}},"line":117}},"branchMap":{"0":{"loc":{"start":{"line":39,"column":12},"end":{"line":39,"column":77}},"type":"cond-expr","locations":[{"start":{"line":39,"column":30},"end":{"line":39,"column":54}},{"start":{"line":39,"column":57},"end":{"line":39,"column":77}}],"line":39},"1":{"loc":{"start":{"line":52,"column":4},"end":{"line":56,"column":5}},"type":"if","locations":[{"start":{"line":52,"column":4},"end":{"line":56,"column":5}},{"start":{"line":52,"column":4},"end":{"line":56,"column":5}}],"line":52},"2":{"loc":{"start":{"line":92,"column":6},"end":{"line":95,"column":7}},"type":"if","locations":[{"start":{"line":92,"column":6},"end":{"line":95,"column":7}},{"start":{"line":92,"column":6},"end":{"line":95,"column":7}}],"line":92},"3":{"loc":{"start":{"line":97,"column":6},"end":{"line":100,"column":7}},"type":"if","locations":[{"start":{"line":97,"column":6},"end":{"line":100,"column":7}},{"start":{"line":97,"column":6},"end":{"line":100,"column":7}}],"line":97}},"s":{"0":0,"1":0,"2":0,"3":0,"4":0,"5":0,"6":0,"7":0,"8":0,"9":0,"10":0,"11":0,"12":0,"13":0,"14":0,"15":0,"16":0,"17":0,"18":0,"19":0,"20":0,"21":0,"22":0,"23":0,"24":0,"25":0,"26":0,"27":0,"28":0,"29":0,"30":0,"31":0,"32":0},"f":{"0":0,"1":0,"2":0,"3":0,"4":0,"5":0,"6":0,"7":0,"8":0},"b":{"0":[0,0],"1":[0,0],"2":[0,0],"3":[0,0]},"_coverageSchema":"1a1c01bbd47fc00a2c39e90264f33305004495a9","hash":"13bee1563497a61117e94db9edf5ec0f51717363"}
,"/Users/marc.mintel/Projects/Private/nextjs-mintel.me/src/lib/api/index.ts": {"path":"/Users/marc.mintel/Projects/Private/nextjs-mintel.me/src/lib/api/index.ts","statementMap":{},"fnMap":{},"branchMap":{},"s":{},"f":{},"b":{},"_coverageSchema":"1a1c01bbd47fc00a2c39e90264f33305004495a9","hash":"6588742d1d5cea89cb6a70f8f1ceab099053c41e"}
,"/Users/marc.mintel/Projects/Private/nextjs-mintel.me/src/lib/logger/console.ts": {"path":"/Users/marc.mintel/Projects/Private/nextjs-mintel.me/src/lib/logger/console.ts","statementMap":{"0":{"start":{"line":26,"column":40},"end":{"line":26,"column":53}},"1":{"start":{"line":33,"column":4},"end":{"line":35,"column":5}},"2":{"start":{"line":34,"column":6},"end":{"line":34,"column":33}},"3":{"start":{"line":39,"column":21},"end":{"line":39,"column":60}},"4":{"start":{"line":41,"column":4},"end":{"line":41,"column":26}},"5":{"start":{"line":41,"column":19},"end":{"line":41,"column":26}},"6":{"start":{"line":43,"column":26},"end":{"line":51,"column":5}},"7":{"start":{"line":52,"column":26},"end":{"line":52,"column":60}},"8":{"start":{"line":53,"column":29},"end":{"line":53,"column":58}},"9":{"start":{"line":54,"column":22},"end":{"line":54,"column":53}},"10":{"start":{"line":56,"column":4},"end":{"line":56,"column":76}},"11":{"start":{"line":60,"column":4},"end":{"line":64,"column":7}},"12":{"start":{"line":68,"column":4},"end":{"line":72,"column":7}},"13":{"start":{"line":76,"column":4},"end":{"line":80,"column":7}},"14":{"start":{"line":84,"column":4},"end":{"line":89,"column":7}},"15":{"start":{"line":93,"column":4},"end":{"line":98,"column":7}},"16":{"start":{"line":102,"column":4},"end":{"line":107,"column":7}},"17":{"start":{"line":111,"column":4},"end":{"line":111,"column":23}}},"fnMap":{"0":{"name":"(anonymous_0)","decl":{"start":{"line":28,"column":2},"end":{"line":28,"column":3}},"loc":{"start":{"line":32,"column":4},"end":{"line":36,"column":3}},"line":32},"1":{"name":"(anonymous_1)","decl":{"start":{"line":38,"column":2},"end":{"line":38,"column":3}},"loc":{"start":{"line":38,"column":66},"end":{"line":57,"column":3}},"line":38},"2":{"name":"(anonymous_2)","decl":{"start":{"line":59,"column":2},"end":{"line":59,"column":3}},"loc":{"start":{"line":59,"column":46},"end":{"line":65,"column":3}},"line":59},"3":{"name":"(anonymous_3)","decl":{"start":{"line":67,"column":2},"end":{"line":67,"column":3}},"loc":{"start":{"line":67,"column":46},"end":{"line":73,"column":3}},"line":67},"4":{"name":"(anonymous_4)","decl":{"start":{"line":75,"column":2},"end":{"line":75,"column":3}},"loc":{"start":{"line":75,"column":45},"end":{"line":81,"column":3}},"line":75},"5":{"name":"(anonymous_5)","decl":{"start":{"line":83,"column":2},"end":{"line":83,"column":3}},"loc":{"start":{"line":83,"column":45},"end":{"line":90,"column":3}},"line":83},"6":{"name":"(anonymous_6)","decl":{"start":{"line":92,"column":2},"end":{"line":92,"column":3}},"loc":{"start":{"line":92,"column":46},"end":{"line":99,"column":3}},"line":92},"7":{"name":"(anonymous_7)","decl":{"start":{"line":101,"column":2},"end":{"line":101,"column":3}},"loc":{"start":{"line":101,"column":46},"end":{"line":108,"column":3}},"line":101},"8":{"name":"(anonymous_8)","decl":{"start":{"line":110,"column":2},"end":{"line":110,"column":3}},"loc":{"start":{"line":110,"column":35},"end":{"line":112,"column":3}},"line":110}},"branchMap":{"0":{"loc":{"start":{"line":31,"column":12},"end":{"line":31,"column":39}},"type":"default-arg","locations":[{"start":{"line":31,"column":32},"end":{"line":31,"column":39}}],"line":31},"1":{"loc":{"start":{"line":33,"column":4},"end":{"line":35,"column":5}},"type":"if","locations":[{"start":{"line":33,"column":4},"end":{"line":35,"column":5}},{"start":{"line":33,"column":4},"end":{"line":35,"column":5}}],"line":33},"2":{"loc":{"start":{"line":33,"column":8},"end":{"line":33,"column":29}},"type":"binary-expr","locations":[{"start":{"line":33,"column":8},"end":{"line":33,"column":14}},{"start":{"line":33,"column":18},"end":{"line":33,"column":29}}],"line":33},"3":{"loc":{"start":{"line":39,"column":21},"end":{"line":39,"column":60}},"type":"binary-expr","locations":[{"start":{"line":39,"column":21},"end":{"line":39,"column":37}},{"start":{"line":39,"column":41},"end":{"line":39,"column":60}}],"line":39},"4":{"loc":{"start":{"line":41,"column":4},"end":{"line":41,"column":26}},"type":"if","locations":[{"start":{"line":41,"column":4},"end":{"line":41,"column":26}},{"start":{"line":41,"column":4},"end":{"line":41,"column":26}}],"line":41},"5":{"loc":{"start":{"line":54,"column":22},"end":{"line":54,"column":53}},"type":"binary-expr","locations":[{"start":{"line":54,"column":22},"end":{"line":54,"column":28}},{"start":{"line":54,"column":32},"end":{"line":54,"column":53}}],"line":54}},"s":{"0":43,"1":43,"2":0,"3":42,"4":42,"5":36,"6":6,"7":6,"8":6,"9":6,"10":6,"11":7,"12":7,"13":7,"14":7,"15":7,"16":7,"17":0},"f":{"0":43,"1":42,"2":7,"3":7,"4":7,"5":7,"6":7,"7":7,"8":0},"b":{"0":[0],"1":[0,43],"2":[43,0],"3":[42,42],"4":[36,6],"5":[6,3]},"_coverageSchema":"1a1c01bbd47fc00a2c39e90264f33305004495a9","hash":"33bba759606d802c22e5e9ee55b3595e659cbae5"}
,"/Users/marc.mintel/Projects/Private/nextjs-mintel.me/src/lib/logger/index.ts": {"path":"/Users/marc.mintel/Projects/Private/nextjs-mintel.me/src/lib/logger/index.ts","statementMap":{"0":{"start":{"line":6,"column":2},"end":{"line":6,"column":64}}},"fnMap":{"0":{"name":"createLogger","decl":{"start":{"line":5,"column":16},"end":{"line":5,"column":28}},"loc":{"start":{"line":5,"column":51},"end":{"line":7,"column":1}},"line":5}},"branchMap":{},"s":{"0":0},"f":{"0":0},"b":{},"_coverageSchema":"1a1c01bbd47fc00a2c39e90264f33305004495a9","hash":"8fd31d4a1c1ea3c75a194698e5f6318af3ccb4a3"}
,"/Users/marc.mintel/Projects/Private/nextjs-mintel.me/src/lib/logger/logger.ts": {"path":"/Users/marc.mintel/Projects/Private/nextjs-mintel.me/src/lib/logger/logger.ts","statementMap":{},"fnMap":{},"branchMap":{},"s":{},"f":{},"b":{},"_coverageSchema":"1a1c01bbd47fc00a2c39e90264f33305004495a9","hash":"5f707b701a3e2340744a89aa6df5c05bb6efa58f"}
,"/Users/marc.mintel/Projects/Private/nextjs-mintel.me/src/models/index.ts": {"path":"/Users/marc.mintel/Projects/Private/nextjs-mintel.me/src/models/index.ts","statementMap":{},"fnMap":{},"branchMap":{},"s":{},"f":{},"b":{},"_coverageSchema":"1a1c01bbd47fc00a2c39e90264f33305004495a9","hash":"69a2157de4d5acd59556b731d7301e59f4f0a4ac"}
,"/Users/marc.mintel/Projects/Private/nextjs-mintel.me/src/models/navigation.model.ts": {"path":"/Users/marc.mintel/Projects/Private/nextjs-mintel.me/src/models/navigation.model.ts","statementMap":{},"fnMap":{},"branchMap":{},"s":{},"f":{},"b":{},"_coverageSchema":"1a1c01bbd47fc00a2c39e90264f33305004495a9","hash":"39b593c08826dfa41b0b7c0f0a78acc86f8013be"}
,"/Users/marc.mintel/Projects/Private/nextjs-mintel.me/src/models/page.model.ts": {"path":"/Users/marc.mintel/Projects/Private/nextjs-mintel.me/src/models/page.model.ts","statementMap":{},"fnMap":{},"branchMap":{},"s":{},"f":{},"b":{},"_coverageSchema":"1a1c01bbd47fc00a2c39e90264f33305004495a9","hash":"36042ce644d3358e60f6bf3f7bac5a09c1de819a"}
,"/Users/marc.mintel/Projects/Private/nextjs-mintel.me/src/models/record.model.ts": {"path":"/Users/marc.mintel/Projects/Private/nextjs-mintel.me/src/models/record.model.ts","statementMap":{},"fnMap":{},"branchMap":{},"s":{},"f":{},"b":{},"_coverageSchema":"1a1c01bbd47fc00a2c39e90264f33305004495a9","hash":"11c2716e07878f101dcf737e210209696c7b9578"}
,"/Users/marc.mintel/Projects/Private/nextjs-mintel.me/src/pages/[...slug].tsx": {"path":"/Users/marc.mintel/Projects/Private/nextjs-mintel.me/src/pages/[...slug].tsx","statementMap":{"0":{"start":{"line":15,"column":0},"end":{"line":21,"column":1}},"1":{"start":{"line":16,"column":18},"end":{"line":19,"column":3}},"2":{"start":{"line":20,"column":2},"end":{"line":20,"column":18}},"3":{"start":{"line":23,"column":46},"end":{"line":28,"column":1}},"4":{"start":{"line":24,"column":2},"end":{"line":27,"column":4}},"5":{"start":{"line":30,"column":46},"end":{"line":56,"column":1}},"6":{"start":{"line":33,"column":25},"end":{"line":33,"column":49}},"7":{"start":{"line":34,"column":13},"end":{"line":34,"column":19}},"8":{"start":{"line":36,"column":2},"end":{"line":40,"column":3}},"9":{"start":{"line":37,"column":4},"end":{"line":37,"column":23}},"10":{"start":{"line":38,"column":9},"end":{"line":40,"column":3}},"11":{"start":{"line":39,"column":4},"end":{"line":39,"column":33}},"12":{"start":{"line":42,"column":2},"end":{"line":42,"column":51}},"13":{"start":{"line":43,"column":15},"end":{"line":43,"column":46}},"14":{"start":{"line":44,"column":2},"end":{"line":44,"column":37}},"15":{"start":{"line":46,"column":2},"end":{"line":46,"column":46}},"16":{"start":{"line":47,"column":25},"end":{"line":47,"column":68}},"17":{"start":{"line":48,"column":2},"end":{"line":48,"column":57}},"18":{"start":{"line":50,"column":2},"end":{"line":55,"column":4}},"19":{"start":{"line":58,"column":27},"end":{"line":66,"column":1}},"20":{"start":{"line":62,"column":2},"end":{"line":65,"column":4}}},"fnMap":{"0":{"name":"(anonymous_0)","decl":{"start":{"line":23,"column":46},"end":{"line":23,"column":47}},"loc":{"start":{"line":23,"column":58},"end":{"line":28,"column":1}},"line":23},"1":{"name":"(anonymous_1)","decl":{"start":{"line":30,"column":46},"end":{"line":30,"column":47}},"loc":{"start":{"line":32,"column":29},"end":{"line":56,"column":1}},"line":32},"2":{"name":"(anonymous_2)","decl":{"start":{"line":58,"column":27},"end":{"line":58,"column":28}},"loc":{"start":{"line":62,"column":2},"end":{"line":65,"column":4}},"line":62}},"branchMap":{"0":{"loc":{"start":{"line":15,"column":0},"end":{"line":21,"column":1}},"type":"if","locations":[{"start":{"line":15,"column":0},"end":{"line":21,"column":1}},{"start":{"line":15,"column":0},"end":{"line":21,"column":1}}],"line":15},"1":{"loc":{"start":{"line":15,"column":4},"end":{"line":15,"column":60}},"type":"binary-expr","locations":[{"start":{"line":15,"column":4},"end":{"line":15,"column":41}},{"start":{"line":15,"column":45},"end":{"line":15,"column":60}}],"line":15},"2":{"loc":{"start":{"line":36,"column":2},"end":{"line":40,"column":3}},"type":"if","locations":[{"start":{"line":36,"column":2},"end":{"line":40,"column":3}},{"start":{"line":36,"column":2},"end":{"line":40,"column":3}}],"line":36},"3":{"loc":{"start":{"line":36,"column":6},"end":{"line":36,"column":53}},"type":"binary-expr","locations":[{"start":{"line":36,"column":6},"end":{"line":36,"column":18}},{"start":{"line":36,"column":22},"end":{"line":36,"column":53}}],"line":36},"4":{"loc":{"start":{"line":38,"column":9},"end":{"line":40,"column":3}},"type":"if","locations":[{"start":{"line":38,"column":9},"end":{"line":40,"column":3}},{"start":{"line":38,"column":9},"end":{"line":40,"column":3}}],"line":38},"5":{"loc":{"start":{"line":38,"column":13},"end":{"line":38,"column":55}},"type":"binary-expr","locations":[{"start":{"line":38,"column":13},"end":{"line":38,"column":25}},{"start":{"line":38,"column":29},"end":{"line":38,"column":55}}],"line":38}},"s":{"0":0,"1":0,"2":0,"3":0,"4":0,"5":0,"6":0,"7":0,"8":0,"9":0,"10":0,"11":0,"12":0,"13":0,"14":0,"15":0,"16":0,"17":0,"18":0,"19":0,"20":0},"f":{"0":0,"1":0,"2":0},"b":{"0":[0,0],"1":[0,0],"2":[0,0],"3":[0,0],"4":[0,0],"5":[0,0]}}
,"/Users/marc.mintel/Projects/Private/nextjs-mintel.me/src/pages/_app.tsx": {"path":"/Users/marc.mintel/Projects/Private/nextjs-mintel.me/src/pages/_app.tsx","statementMap":{"0":{"start":{"line":6,"column":0},"end":{"line":9,"column":3}},"1":{"start":{"line":12,"column":27},"end":{"line":12,"column":46}},"2":{"start":{"line":15,"column":4},"end":{"line":15,"column":37}},"3":{"start":{"line":17,"column":4},"end":{"line":20,"column":7}},"4":{"start":{"line":18,"column":6},"end":{"line":18,"column":45}},"5":{"start":{"line":19,"column":6},"end":{"line":19,"column":37}},"6":{"start":{"line":22,"column":4},"end":{"line":22,"column":41}},"7":{"start":{"line":26,"column":37},"end":{"line":26,"column":47}},"8":{"start":{"line":28,"column":4},"end":{"line":28,"column":40}}},"fnMap":{"0":{"name":"(anonymous_0)","decl":{"start":{"line":14,"column":2},"end":{"line":14,"column":3}},"loc":{"start":{"line":14,"column":63},"end":{"line":23,"column":3}},"line":14},"1":{"name":"(anonymous_1)","decl":{"start":{"line":17,"column":21},"end":{"line":17,"column":22}},"loc":{"start":{"line":17,"column":30},"end":{"line":20,"column":5}},"line":17},"2":{"name":"(anonymous_2)","decl":{"start":{"line":25,"column":2},"end":{"line":25,"column":3}},"loc":{"start":{"line":25,"column":24},"end":{"line":29,"column":3}},"line":25}},"branchMap":{"0":{"loc":{"start":{"line":8,"column":7},"end":{"line":8,"column":47}},"type":"binary-expr","locations":[{"start":{"line":8,"column":7},"end":{"line":8,"column":41}},{"start":{"line":8,"column":45},"end":{"line":8,"column":47}}],"line":8}},"s":{"0":0,"1":0,"2":0,"3":0,"4":0,"5":0,"6":0,"7":0,"8":0},"f":{"0":0,"1":0,"2":0},"b":{"0":[0,0]}}
,"/Users/marc.mintel/Projects/Private/nextjs-mintel.me/src/pages/_document.tsx": {"path":"/Users/marc.mintel/Projects/Private/nextjs-mintel.me/src/pages/_document.tsx","statementMap":{"0":{"start":{"line":13,"column":23},"end":{"line":13,"column":47}},"1":{"start":{"line":15,"column":0},"end":{"line":18,"column":3}},"2":{"start":{"line":16,"column":2},"end":{"line":16,"column":41}},"3":{"start":{"line":17,"column":2},"end":{"line":17,"column":31}},"4":{"start":{"line":20,"column":0},"end":{"line":23,"column":3}},"5":{"start":{"line":21,"column":2},"end":{"line":21,"column":40}},"6":{"start":{"line":22,"column":2},"end":{"line":22,"column":31}},"7":{"start":{"line":27,"column":25},"end":{"line":27,"column":60}},"8":{"start":{"line":28,"column":4},"end":{"line":28,"column":31}},"9":{"start":{"line":32,"column":4},"end":{"line":40,"column":6}}},"fnMap":{"0":{"name":"(anonymous_0)","decl":{"start":{"line":15,"column":33},"end":{"line":15,"column":34}},"loc":{"start":{"line":15,"column":40},"end":{"line":18,"column":1}},"line":15},"1":{"name":"(anonymous_1)","decl":{"start":{"line":20,"column":32},"end":{"line":20,"column":33}},"loc":{"start":{"line":20,"column":39},"end":{"line":23,"column":1}},"line":20},"2":{"name":"(anonymous_2)","decl":{"start":{"line":26,"column":2},"end":{"line":26,"column":3}},"loc":{"start":{"line":26,"column":84},"end":{"line":29,"column":3}},"line":26},"3":{"name":"(anonymous_3)","decl":{"start":{"line":31,"column":2},"end":{"line":31,"column":3}},"loc":{"start":{"line":31,"column":24},"end":{"line":41,"column":3}},"line":31}},"branchMap":{"0":{"loc":{"start":{"line":33,"column":18},"end":{"line":33,"column":85}},"type":"binary-expr","locations":[{"start":{"line":33,"column":18},"end":{"line":33,"column":77}},{"start":{"line":33,"column":81},"end":{"line":33,"column":85}}],"line":33}},"s":{"0":0,"1":0,"2":0,"3":0,"4":0,"5":0,"6":0,"7":0,"8":0,"9":0},"f":{"0":0,"1":0,"2":0,"3":0},"b":{"0":[0,0]}}
,"/Users/marc.mintel/Projects/Private/nextjs-mintel.me/src/pages/_error.tsx": {"path":"/Users/marc.mintel/Projects/Private/nextjs-mintel.me/src/pages/_error.tsx","statementMap":{"0":{"start":{"line":7,"column":23},"end":{"line":7,"column":48}},"1":{"start":{"line":15,"column":20},"end":{"line":29,"column":1}},"2":{"start":{"line":20,"column":2},"end":{"line":26,"column":3}},"3":{"start":{"line":24,"column":4},"end":{"line":24,"column":30}},"4":{"start":{"line":25,"column":4},"end":{"line":25,"column":33}},"5":{"start":{"line":28,"column":2},"end":{"line":28,"column":56}},"6":{"start":{"line":31,"column":0},"end":{"line":58,"column":2}},"7":{"start":{"line":32,"column":40},"end":{"line":34,"column":3}},"8":{"start":{"line":36,"column":52},"end":{"line":41,"column":3}},"9":{"start":{"line":43,"column":2},"end":{"line":45,"column":3}},"10":{"start":{"line":44,"column":4},"end":{"line":44,"column":31}},"11":{"start":{"line":47,"column":2},"end":{"line":51,"column":3}},"12":{"start":{"line":48,"column":4},"end":{"line":48,"column":34}},"13":{"start":{"line":49,"column":4},"end":{"line":49,"column":37}},"14":{"start":{"line":50,"column":4},"end":{"line":50,"column":35}},"15":{"start":{"line":53,"column":2},"end":{"line":55,"column":4}},"16":{"start":{"line":57,"column":2},"end":{"line":57,"column":33}}},"fnMap":{"0":{"name":"(anonymous_0)","decl":{"start":{"line":15,"column":20},"end":{"line":15,"column":21}},"loc":{"start":{"line":19,"column":41},"end":{"line":29,"column":1}},"line":19},"1":{"name":"(anonymous_1)","decl":{"start":{"line":31,"column":30},"end":{"line":31,"column":31}},"loc":{"start":{"line":31,"column":89},"end":{"line":58,"column":1}},"line":31}},"branchMap":{"0":{"loc":{"start":{"line":20,"column":2},"end":{"line":26,"column":3}},"type":"if","locations":[{"start":{"line":20,"column":2},"end":{"line":26,"column":3}},{"start":{"line":20,"column":2},"end":{"line":26,"column":3}}],"line":20},"1":{"loc":{"start":{"line":20,"column":6},"end":{"line":20,"column":35}},"type":"binary-expr","locations":[{"start":{"line":20,"column":6},"end":{"line":20,"column":28}},{"start":{"line":20,"column":32},"end":{"line":20,"column":35}}],"line":20},"2":{"loc":{"start":{"line":43,"column":2},"end":{"line":45,"column":3}},"type":"if","locations":[{"start":{"line":43,"column":2},"end":{"line":45,"column":3}},{"start":{"line":43,"column":2},"end":{"line":45,"column":3}}],"line":43},"3":{"loc":{"start":{"line":47,"column":2},"end":{"line":51,"column":3}},"type":"if","locations":[{"start":{"line":47,"column":2},"end":{"line":51,"column":3}},{"start":{"line":47,"column":2},"end":{"line":51,"column":3}}],"line":47}},"s":{"0":0,"1":0,"2":0,"3":0,"4":0,"5":0,"6":0,"7":0,"8":0,"9":0,"10":0,"11":0,"12":0,"13":0,"14":0,"15":0,"16":0},"f":{"0":0,"1":0},"b":{"0":[0,0],"1":[0,0],"2":[0,0],"3":[0,0]}}
,"/Users/marc.mintel/Projects/Private/nextjs-mintel.me/src/pages/index.tsx": {"path":"/Users/marc.mintel/Projects/Private/nextjs-mintel.me/src/pages/index.tsx","statementMap":{},"fnMap":{},"branchMap":{},"s":{},"f":{},"b":{}}
,"/Users/marc.mintel/Projects/Private/nextjs-mintel.me/src/services/index.ts": {"path":"/Users/marc.mintel/Projects/Private/nextjs-mintel.me/src/services/index.ts","statementMap":{"0":{"start":{"line":5,"column":0},"end":{"line":7,"column":1}},"1":{"start":{"line":6,"column":2},"end":{"line":6,"column":61}},"2":{"start":{"line":9,"column":0},"end":{"line":11,"column":1}},"3":{"start":{"line":10,"column":2},"end":{"line":10,"column":65}},"4":{"start":{"line":13,"column":29},"end":{"line":16,"column":2}},"5":{"start":{"line":18,"column":33},"end":{"line":18,"column":65}},"6":{"start":{"line":19,"column":27},"end":{"line":19,"column":53}}},"fnMap":{},"branchMap":{"0":{"loc":{"start":{"line":5,"column":0},"end":{"line":7,"column":1}},"type":"if","locations":[{"start":{"line":5,"column":0},"end":{"line":7,"column":1}},{"start":{"line":5,"column":0},"end":{"line":7,"column":1}}],"line":5},"1":{"loc":{"start":{"line":9,"column":0},"end":{"line":11,"column":1}},"type":"if","locations":[{"start":{"line":9,"column":0},"end":{"line":11,"column":1}},{"start":{"line":9,"column":0},"end":{"line":11,"column":1}}],"line":9}},"s":{"0":0,"1":0,"2":0,"3":0,"4":0,"5":0,"6":0},"f":{},"b":{"0":[0,0],"1":[0,0]}}
,"/Users/marc.mintel/Projects/Private/nextjs-mintel.me/src/services/navigation.service.ts": {"path":"/Users/marc.mintel/Projects/Private/nextjs-mintel.me/src/services/navigation.service.ts","statementMap":{"0":{"start":{"line":7,"column":17},"end":{"line":13,"column":6}},"1":{"start":{"line":15,"column":4},"end":{"line":15,"column":16}}},"fnMap":{"0":{"name":"(anonymous_0)","decl":{"start":{"line":4,"column":2},"end":{"line":4,"column":3}},"loc":{"start":{"line":4,"column":44},"end":{"line":4,"column":46}},"line":4},"1":{"name":"(anonymous_1)","decl":{"start":{"line":6,"column":2},"end":{"line":6,"column":3}},"loc":{"start":{"line":6,"column":64},"end":{"line":16,"column":3}},"line":6}},"branchMap":{},"s":{"0":1,"1":1},"f":{"0":1,"1":1},"b":{},"_coverageSchema":"1a1c01bbd47fc00a2c39e90264f33305004495a9","hash":"021154ff6d973ef45cf9a35ace78502231e33ce6"}
,"/Users/marc.mintel/Projects/Private/nextjs-mintel.me/src/services/page.service.ts": {"path":"/Users/marc.mintel/Projects/Private/nextjs-mintel.me/src/services/page.service.ts","statementMap":{"0":{"start":{"line":8,"column":17},"end":{"line":14,"column":6}},"1":{"start":{"line":16,"column":4},"end":{"line":16,"column":16}},"2":{"start":{"line":20,"column":4},"end":{"line":22,"column":7}},"3":{"start":{"line":26,"column":4},"end":{"line":26,"column":36}},"4":{"start":{"line":30,"column":4},"end":{"line":30,"column":43}}},"fnMap":{"0":{"name":"(anonymous_0)","decl":{"start":{"line":5,"column":2},"end":{"line":5,"column":3}},"loc":{"start":{"line":5,"column":44},"end":{"line":5,"column":46}},"line":5},"1":{"name":"(anonymous_1)","decl":{"start":{"line":7,"column":2},"end":{"line":7,"column":3}},"loc":{"start":{"line":7,"column":60},"end":{"line":17,"column":3}},"line":7},"2":{"name":"(anonymous_2)","decl":{"start":{"line":19,"column":2},"end":{"line":19,"column":3}},"loc":{"start":{"line":19,"column":51},"end":{"line":23,"column":3}},"line":19},"3":{"name":"(anonymous_3)","decl":{"start":{"line":25,"column":2},"end":{"line":25,"column":3}},"loc":{"start":{"line":25,"column":44},"end":{"line":27,"column":3}},"line":25},"4":{"name":"(anonymous_4)","decl":{"start":{"line":29,"column":2},"end":{"line":29,"column":3}},"loc":{"start":{"line":29,"column":37},"end":{"line":31,"column":3}},"line":29}},"branchMap":{},"s":{"0":2,"1":2,"2":1,"3":2,"4":2},"f":{"0":3,"1":2,"2":1,"3":2,"4":2},"b":{},"_coverageSchema":"1a1c01bbd47fc00a2c39e90264f33305004495a9","hash":"ff906de58c60805232590a1357d09648711dc246"}
}
