TN:
SF:next.config.js
FN:16,(anonymous_0)
FNF:1
FNH:0
FNDA:0,(anonymous_0)
DA:2,1
DA:3,1
DA:11,1
DA:13,1
DA:15,1
DA:17,0
DA:18,0
DA:21,0
DA:28,0
DA:38,0
LF:10
LH:5
BRDA:17,0,0,0
BRDA:17,0,1,0
BRDA:21,1,0,0
BRDA:21,1,1,0
BRDA:22,2,0,0
BRDA:22,2,1,0
BRDA:22,2,2,0
BRDA:22,2,3,0
BRDA:22,2,4,0
BRF:9
BRH:0
end_of_record
TN:
SF:src/components/blocks/gallery.tsx
FN:7,(anonymous_0)
FNF:1
FNH:1
FNDA:2,(anonymous_0)
DA:7,5
DA:8,2
LF:2
LH:2
BRF:0
BRH:0
end_of_record
TN:
SF:src/components/blocks/index.tsx
FN:17,(anonymous_0)
FN:29,(anonymous_1)
FNF:2
FNH:2
FNDA:4,(anonymous_0)
FNDA:4,(anonymous_1)
DA:15,5
DA:18,4
DA:19,4
DA:20,4
DA:24,4
DA:29,5
DA:30,4
LF:7
LH:7
BRF:0
BRH:0
end_of_record
TN:
SF:src/components/blocks/stage.tsx
FN:7,(anonymous_0)
FNF:1
FNH:1
FNDA:2,(anonymous_0)
DA:7,5
DA:8,2
LF:2
LH:2
BRF:0
BRH:0
end_of_record
TN:
SF:src/components/elements/internal-link.tsx
FN:9,(anonymous_0)
FNF:1
FNH:1
FNDA:8,(anonymous_0)
DA:9,5
DA:10,8
DA:13,8
DA:14,8
DA:18,8
DA:19,4
DA:22,8
LF:7
LH:7
BRDA:13,0,0,8
BRDA:13,0,1,0
BRDA:18,1,0,4
BRDA:18,1,1,4
BRF:4
BRH:3
end_of_record
TN:
SF:src/components/layout/main-navigation.tsx
FN:9,(anonymous_0)
FN:13,(anonymous_1)
FNF:2
FNH:2
FNDA:4,(anonymous_0)
FNDA:8,(anonymous_1)
DA:9,5
DA:10,4
DA:14,8
LF:3
LH:3
BRDA:16,0,0,8
BRDA:16,0,1,8
BRF:2
BRH:2
end_of_record
TN:
SF:src/components/templates/page.tsx
FN:12,(anonymous_0)
FNF:1
FNH:1
FNDA:4,(anonymous_0)
DA:12,5
DA:13,4
LF:2
LH:2
BRF:0
BRH:0
end_of_record
TN:
SF:src/lib/greeter.ts
FN:6,(anonymous_0)
FN:8,(anonymous_1)
FNF:2
FNH:2
FNDA:4,(anonymous_0)
FNDA:4,(anonymous_1)
DA:9,4
LF:1
LH:1
BRF:0
BRH:0
end_of_record
TN:
SF:src/lib/api/api.ts
FNF:0
FNH:0
LF:0
LH:0
BRF:0
BRH:0
end_of_record
TN:
SF:src/lib/api/contentful.ts
FN:35,(anonymous_0)
FN:43,(anonymous_1)
FN:49,(anonymous_2)
FN:61,(anonymous_3)
FN:73,(anonymous_4)
FN:88,(anonymous_5)
FN:94,(anonymous_6)
FN:106,(anonymous_7)
FN:115,(anonymous_8)
FNF:9
FNH:1
FNDA:1,(anonymous_0)
FNDA:0,(anonymous_1)
FNDA:0,(anonymous_2)
FNDA:0,(anonymous_3)
FNDA:0,(anonymous_4)
FNDA:0,(anonymous_5)
FNDA:0,(anonymous_6)
FNDA:0,(anonymous_7)
FNDA:0,(anonymous_8)
DA:28,0
DA:32,1
DA:36,1
DA:44,0
DA:45,0
DA:46,0
DA:50,0
DA:52,0
DA:53,0
DA:58,0
DA:62,0
DA:63,0
DA:69,0
DA:70,0
DA:74,0
DA:75,0
DA:77,0
DA:89,0
DA:91,0
DA:92,0
DA:93,0
DA:94,0
DA:97,0
DA:98,0
DA:99,0
DA:103,0
DA:109,0
DA:110,0
DA:111,0
DA:112,0
DA:118,0
DA:122,0
LF:32
LH:2
BRDA:39,0,0,0
BRDA:39,0,1,1
BRDA:52,1,0,0
BRDA:52,1,1,0
BRDA:92,2,0,0
BRDA:92,2,1,0
BRDA:97,3,0,0
BRDA:97,3,1,0
BRF:8
BRH:1
end_of_record
TN:
SF:src/lib/api/index.ts
FNF:0
FNH:0
LF:0
LH:0
BRF:0
BRH:0
end_of_record
TN:
SF:src/lib/logger/console.ts
FN:28,(anonymous_0)
FN:38,(anonymous_1)
FN:59,(anonymous_2)
FN:67,(anonymous_3)
FN:75,(anonymous_4)
FN:83,(anonymous_5)
FN:92,(anonymous_6)
FN:101,(anonymous_7)
FN:110,(anonymous_8)
FNF:9
FNH:8
FNDA:53,(anonymous_0)
FNDA:42,(anonymous_1)
FNDA:7,(anonymous_2)
FNDA:7,(anonymous_3)
FNDA:7,(anonymous_4)
FNDA:7,(anonymous_5)
FNDA:7,(anonymous_6)
FNDA:7,(anonymous_7)
FNDA:0,(anonymous_8)
DA:26,53
DA:33,53
DA:34,4
DA:39,42
DA:41,42
DA:43,6
DA:52,6
DA:53,6
DA:54,6
DA:56,6
DA:60,7
DA:68,7
DA:76,7
DA:84,7
DA:93,7
DA:102,7
DA:111,0
LF:17
LH:16
BRDA:31,0,0,10
BRDA:33,1,0,4
BRDA:33,1,1,49
BRDA:33,2,0,53
BRDA:33,2,1,4
BRDA:39,3,0,42
BRDA:39,3,1,42
BRDA:41,4,0,36
BRDA:41,4,1,6
BRDA:54,5,0,6
BRDA:54,5,1,3
BRF:11
BRH:11
end_of_record
TN:
SF:src/lib/logger/index.ts
FN:5,createLogger
FNF:1
FNH:1
FNDA:10,createLogger
DA:6,10
LF:1
LH:1
BRF:0
BRH:0
end_of_record
TN:
SF:src/lib/logger/logger.ts
FNF:0
FNH:0
LF:0
LH:0
BRF:0
BRH:0
end_of_record
TN:
SF:src/models/index.ts
FNF:0
FNH:0
LF:0
LH:0
BRF:0
BRH:0
end_of_record
TN:
SF:src/models/navigation.model.ts
FNF:0
FNH:0
LF:0
LH:0
BRF:0
BRH:0
end_of_record
TN:
SF:src/models/page.model.ts
FNF:0
FNH:0
LF:0
LH:0
BRF:0
BRH:0
end_of_record
TN:
SF:src/models/record.model.ts
FNF:0
FNH:0
LF:0
LH:0
BRF:0
BRH:0
end_of_record
TN:
SF:src/pages/[...slug].tsx
FN:23,(anonymous_0)
FN:30,(anonymous_1)
FN:58,(anonymous_2)
FNF:3
FNH:1
FNDA:0,(anonymous_0)
FNDA:0,(anonymous_1)
FNDA:4,(anonymous_2)
DA:15,5
DA:16,4
DA:20,4
DA:23,5
DA:24,0
DA:30,5
DA:33,0
DA:34,0
DA:36,0
DA:37,0
DA:38,0
DA:39,0
DA:42,0
DA:43,0
DA:44,0
DA:46,0
DA:47,0
DA:48,0
DA:50,0
DA:58,5
DA:62,4
LF:21
LH:7
BRDA:15,0,0,4
BRDA:15,0,1,1
BRDA:15,1,0,5
BRDA:15,1,1,5
BRDA:36,2,0,0
BRDA:36,2,1,0
BRDA:36,3,0,0
BRDA:36,3,1,0
BRDA:38,4,0,0
BRDA:38,4,1,0
BRDA:38,5,0,0
BRDA:38,5,1,0
BRF:12
BRH:4
end_of_record
TN:
SF:src/pages/_app.tsx
FN:14,(anonymous_0)
FN:17,(anonymous_1)
FN:25,(anonymous_2)
FNF:3
FNH:1
FNDA:0,(anonymous_0)
FNDA:0,(anonymous_1)
FNDA:7,(anonymous_2)
DA:6,5
DA:12,7
DA:15,0
DA:17,0
DA:18,0
DA:19,0
DA:22,0
DA:26,7
DA:28,7
LF:9
LH:4
BRDA:8,0,0,5
BRDA:8,0,1,5
BRF:2
BRH:2
end_of_record
TN:
SF:src/pages/_document.tsx
FN:15,(anonymous_0)
FN:20,(anonymous_1)
FN:26,(anonymous_2)
FN:31,(anonymous_3)
FNF:4
FNH:2
FNDA:0,(anonymous_0)
FNDA:0,(anonymous_1)
FNDA:3,(anonymous_2)
FNDA:3,(anonymous_3)
DA:13,1
DA:15,1
DA:16,0
DA:17,0
DA:20,1
DA:21,0
DA:22,0
DA:27,3
DA:28,3
DA:32,3
LF:10
LH:6
BRDA:33,0,0,3
BRDA:33,0,1,3
BRF:2
BRH:2
end_of_record
TN:
SF:src/pages/_error.tsx
FN:15,(anonymous_0)
FN:31,(anonymous_1)
FNF:2
FNH:2
FNDA:3,(anonymous_0)
FNDA:3,(anonymous_1)
DA:7,1
DA:15,1
DA:20,3
DA:24,0
DA:25,0
DA:28,3
DA:31,1
DA:32,3
DA:36,3
DA:43,3
DA:44,3
DA:47,0
DA:48,0
DA:49,0
DA:50,0
DA:53,0
DA:57,0
LF:17
LH:9
BRDA:20,0,0,0
BRDA:20,0,1,3
BRDA:20,1,0,3
BRDA:20,1,1,3
BRDA:43,2,0,3
BRDA:43,2,1,0
BRDA:47,3,0,0
BRDA:47,3,1,0
BRF:8
BRH:4
end_of_record
TN:
SF:src/pages/index.tsx
FNF:0
FNH:0
LF:0
LH:0
BRF:0
BRH:0
end_of_record
TN:
SF:src/services/index.ts
FNF:0
FNH:0
DA:5,1
DA:6,0
DA:9,1
DA:10,0
DA:13,1
DA:18,1
DA:19,1
LF:7
LH:5
BRDA:5,0,0,0
BRDA:5,0,1,1
BRDA:9,1,0,0
BRDA:9,1,1,1
BRF:4
BRH:2
end_of_record
TN:
SF:src/services/navigation.service.ts
FN:4,(anonymous_0)
FN:6,(anonymous_1)
FNF:2
FNH:2
FNDA:2,(anonymous_0)
FNDA:1,(anonymous_1)
DA:7,1
DA:15,1
LF:2
LH:2
BRF:0
BRH:0
end_of_record
TN:
SF:src/services/page.service.ts
FN:5,(anonymous_0)
FN:7,(anonymous_1)
FN:19,(anonymous_2)
FN:25,(anonymous_3)
FN:29,(anonymous_4)
FNF:5
FNH:5
FNDA:4,(anonymous_0)
FNDA:2,(anonymous_1)
FNDA:1,(anonymous_2)
FNDA:2,(anonymous_3)
FNDA:2,(anonymous_4)
DA:8,2
DA:16,2
DA:20,1
DA:26,2
DA:30,2
LF:5
LH:5
BRF:0
BRH:0
end_of_record
